[2025-Feb-11 21:42:42.828 +01:00][44054:44054][info ] Logging initialized
[2025-Feb-12 09:15:50.390 +01:00][ 1164: 1164][info ] Logging initialized
[2025-Feb-13 10:03:27.420 +01:00][ 1224: 1224][info ] Logging initialized
[2025-Feb-13 12:36:17.818 +01:00][ 1134: 1134][info ] Logging initialized
[2025-Feb-13 16:43:58.382 +01:00][ 1144: 1144][info ] Logging initialized
[2025-Feb-14 11:18:05.613 +01:00][ 1169: 1169][info ] Logging initialized
[2025-Feb-15 09:27:40.049 +01:00][ 1283: 1283][info ] Logging initialized
[2025-Feb-16 09:40:39.837 +01:00][ 1196: 1196][info ] Logging initialized
[2025-Feb-16 09:40:41.675 +01:00][ 1196: 1196][info ] Logging initialized
[2025-Feb-16 16:31:25.451 +01:00][ 1952: 1952][info ] Logging initialized
[2025-Feb-17 09:40:07.005 +01:00][ 1219: 1219][info ] Logging initialized
[2025-Feb-18 13:34:49.287 +01:00][ 1219: 1219][info ] Logging initialized
[2025-Feb-19 09:34:02.034 +01:00][13404:13404][info ] Logging initialized
[2025-Feb-20 11:49:09.201 +01:00][ 1324: 1324][info ] Logging initialized
[2025-Feb-20 19:59:46.351 +01:00][ 1142: 1142][info ] Logging initialized
[2025-Feb-21 09:54:05.084 +01:00][ 1252: 1252][info ] Logging initialized
[2025-Feb-21 10:41:59.467 +01:00][ 7717: 7717][info ] Logging initialized
[2025-Feb-22 09:31:19.085 +01:00][ 1187: 1187][info ] Logging initialized
[2025-Feb-22 18:47:07.920 +01:00][ 1151: 1151][info ] Logging initialized
[2025-Feb-23 08:02:43.607 +01:00][10743:10743][info ] Logging initialized
[2025-Feb-24 10:36:45.169 +01:00][ 1199: 1199][info ] Logging initialized
[2025-Feb-24 14:17:28.108 +01:00][ 1186: 1186][info ] Logging initialized
[2025-Feb-25 13:02:13.951 +01:00][12166:12166][info ] Logging initialized
[2025-Feb-25 16:34:27.210 +01:00][ 1132: 1132][info ] Logging initialized
[2025-Feb-26 11:15:41.159 +01:00][11470:11470][info ] Logging initialized
[2025-Feb-26 11:49:59.053 +01:00][ 2273: 2273][info ] Logging initialized
[2025-Feb-26 18:29:48.680 +01:00][30041:30041][info ] Logging initialized
[2025-Feb-27 10:15:34.665 +01:00][ 1182: 1182][info ] Logging initialized
[2025-Feb-27 14:02:48.373 +01:00][29565:29565][info ] Logging initialized
[2025-Feb-28 10:47:16.230 +01:00][ 1190: 1190][info ] Logging initialized
[2025-Feb-28 11:23:47.492 +01:00][ 1160: 1160][info ] Logging initialized
[2025-Feb-28 12:26:08.084 +01:00][ 1162: 1162][info ] Logging initialized
[2025-Feb-28 21:45:47.935 +01:00][17251:17251][info ] Logging initialized
[2025-Mar-01 10:51:49.384 +01:00][ 1151: 1151][info ] Logging initialized
[2025-Mar-01 17:43:35.612 +01:00][43095:43095][info ] Logging initialized
[2025-Mar-01 22:47:11.660 +01:00][210651:210651][info ] Logging initialized
[2025-Mar-02 10:12:59.508 +01:00][ 1188: 1188][info ] Logging initialized
[2025-Mar-03 13:05:58.998 +01:00][ 1166: 1166][info ] Logging initialized
[2025-Mar-03 22:20:10.966 +01:00][ 1168: 1168][info ] Logging initialized
[2025-Mar-04 12:54:19.670 +01:00][ 1163: 1163][info ] Logging initialized
[2025-Mar-05 10:50:36.951 +01:00][ 1225: 1225][info ] Logging initialized
[2025-Mar-05 16:18:42.132 +01:00][ 1151: 1151][info ] Logging initialized
[2025-Mar-06 12:23:22.781 +01:00][ 1248: 1248][info ] Logging initialized
[2025-Mar-06 18:12:38.369 +01:00][ 1164: 1164][info ] Logging initialized
[2025-Mar-07 10:24:45.728 +01:00][ 1138: 1138][info ] Logging initialized
[2025-Mar-08 09:34:15.881 +01:00][ 1178: 1178][info ] Logging initialized
[2025-Mar-08 20:21:53.582 +01:00][67817:67817][info ] Logging initialized
[2025-Mar-09 01:28:11.805 +01:00][ 1179: 1179][info ] Logging initialized
[2025-Mar-09 10:31:17.926 +01:00][ 2068: 2068][info ] Logging initialized
[2025-Mar-09 15:39:29.411 +01:00][ 1132: 1132][info ] Logging initialized
[2025-Mar-10 14:23:24.495 +01:00][ 1193: 1193][info ] Logging initialized
[2025-Mar-16 20:13:27.960 +01:00][121504:121504][info ] Logging initialized
[2025-Mar-17 09:15:43.502 +01:00][16925:16925][info ] Logging initialized
[2025-Mar-18 13:14:56.385 +01:00][ 1182: 1182][info ] Logging initialized
[2025-Mar-18 17:46:47.797 +01:00][ 1144: 1144][info ] Logging initialized
[2025-Mar-18 20:50:18.210 +01:00][ 5090: 5090][info ] Logging initialized
[2025-Mar-18 20:58:53.005 +01:00][ 1670: 1670][info ] Logging initialized
[2025-Mar-19 09:50:42.775 +01:00][ 1201: 1201][info ] Logging initialized
[2025-Mar-20 14:18:40.145 +01:00][ 1155: 1155][info ] Logging initialized
[2025-Mar-21 09:39:35.991 +01:00][ 1219: 1219][info ] Logging initialized
[2025-Mar-21 23:22:14.250 +01:00][55127:55127][info ] Logging initialized
[2025-Mar-22 10:07:59.365 +01:00][ 1256: 1256][info ] Logging initialized
[2025-Mar-23 09:17:43.364 +01:00][ 1214: 1214][info ] Logging initialized
[2025-Mar-23 18:50:49.892 +01:00][57725:57725][info ] Logging initialized
[2025-Mar-24 12:38:54.695 +01:00][ 1171: 1171][info ] Logging initialized
[2025-Mar-25 12:37:05.753 +01:00][15614:15614][info ] Logging initialized
[2025-Mar-26 08:36:31.674 +01:00][ 1245: 1245][info ] Logging initialized
[2025-Mar-26 16:09:56.675 +01:00][ 1173: 1173][info ] Logging initialized
[2025-Mar-27 11:12:58.269 +01:00][ 1156: 1156][info ] Logging initialized
[2025-Mar-28 09:38:54.115 +01:00][ 1218: 1218][info ] Logging initialized
[2025-Mar-28 17:20:03.599 +01:00][ 1142: 1142][info ] Logging initialized
[2025-Mar-29 09:31:12.234 +01:00][ 1153: 1153][info ] Logging initialized
[2025-Mar-30 10:29:16.111 +02:00][ 1166: 1166][info ] Logging initialized
[2025-Mar-31 11:13:14.116 +02:00][ 1322: 1322][info ] Logging initialized
[2025-Mar-31 15:49:01.500 +02:00][ 1143: 1143][info ] Logging initialized
[2025-Mar-31 22:28:20.933 +02:00][14940:14940][info ] Logging initialized
[2025-Apr-01 10:20:02.556 +02:00][ 1198: 1198][info ] Logging initialized
[2025-Apr-01 18:11:05.158 +02:00][ 1317: 1317][info ] Logging initialized
[2025-Apr-02 10:21:11.590 +02:00][ 1217: 1217][info ] Logging initialized
[2025-Apr-02 15:55:26.615 +02:00][ 1165: 1165][info ] Logging initialized
[2025-Apr-03 09:15:42.836 +02:00][ 1261: 1261][info ] Logging initialized
[2025-Apr-04 08:46:14.354 +02:00][ 1235: 1235][info ] Logging initialized
[2025-Apr-04 19:13:13.014 +02:00][287946:287946][info ] Logging initialized
[2025-Apr-05 10:32:07.745 +02:00][ 1314: 1314][info ] Logging initialized
[2025-Apr-05 21:45:28.542 +02:00][ 1179: 1179][info ] Logging initialized
[2025-Apr-06 10:21:00.952 +02:00][ 1290: 1290][info ] Logging initialized
[2025-Apr-06 18:31:01.198 +02:00][42700:42700][info ] Logging initialized
[2025-Apr-07 16:08:33.454 +02:00][ 1204: 1204][info ] Logging initialized
[2025-Apr-08 14:34:57.177 +02:00][ 1206: 1206][info ] Logging initialized
[2025-Apr-09 08:53:36.253 +02:00][ 1215: 1215][info ] Logging initialized
[2025-Apr-09 17:49:09.378 +02:00][52283:52283][info ] Logging initialized
[2025-Apr-09 20:23:06.109 +02:00][64376:64376][info ] Logging initialized
[2025-Apr-10 14:01:09.748 +02:00][ 1171: 1171][info ] Logging initialized
[2025-Apr-10 16:10:58.800 +02:00][ 1163: 1163][info ] Logging initialized
[2025-Apr-10 22:01:48.629 +02:00][12790:12790][info ] Logging initialized
[2025-Apr-10 22:13:55.308 +02:00][14690:14690][info ] Logging initialized
[2025-Apr-11 08:33:38.527 +02:00][ 1174: 1174][info ] Logging initialized
[2025-Apr-11 17:54:55.867 +02:00][ 1167: 1167][info ] Logging initialized
[2025-Apr-11 18:11:32.276 +02:00][ 2534: 2534][info ] Logging initialized
[2025-Apr-12 10:10:43.095 +02:00][ 3747: 3747][info ] Logging initialized
[2025-Apr-13 09:29:34.657 +02:00][46455:46455][info ] Logging initialized
[2025-Apr-13 11:54:41.330 +02:00][ 1199: 1199][info ] Logging initialized
[2025-Apr-13 21:16:12.201 +02:00][96020:96020][info ] Logging initialized
[2025-Apr-14 13:04:32.236 +02:00][ 1208: 1208][info ] Logging initialized
[2025-Apr-14 14:07:58.576 +02:00][ 1168: 1168][info ] Logging initialized
[2025-Apr-14 21:14:02.950 +02:00][33057:33057][info ] Logging initialized
[2025-Apr-15 12:17:47.106 +02:00][ 1941: 1941][info ] Logging initialized
[2025-Apr-15 14:16:10.790 +02:00][ 1167: 1167][info ] Logging initialized
[2025-Apr-15 17:08:13.008 +02:00][ 1166: 1166][info ] Logging initialized
[2025-Apr-15 17:12:19.399 +02:00][ 4698: 4698][info ] Logging initialized
[2025-Apr-16 09:04:02.515 +02:00][ 1521: 1521][info ] Logging initialized
[2025-Apr-16 15:53:12.100 +02:00][ 1185: 1185][info ] Logging initialized
[2025-Apr-17 12:37:10.354 +02:00][ 1185: 1185][info ] Logging initialized
[2025-Apr-17 18:43:45.008 +02:00][27049:27049][info ] Logging initialized
[2025-Apr-18 07:54:43.285 +02:00][ 1216: 1216][info ] Logging initialized
[2025-Apr-18 14:48:48.059 +02:00][17209:17209][info ] Logging initialized
[2025-Apr-18 20:23:01.815 +02:00][229906:229906][info ] Logging initialized
[2025-Apr-19 09:10:00.726 +02:00][ 1289: 1289][info ] Logging initialized
[2025-Apr-20 08:49:07.395 +02:00][ 1175: 1175][info ] Logging initialized
[2025-Apr-20 19:44:10.753 +02:00][ 3044: 3044][info ] Logging initialized
[2025-Apr-20 21:58:51.680 +02:00][ 1165: 1165][info ] Logging initialized
[2025-Apr-20 23:50:42.176 +02:00][ 1160: 1160][info ] Logging initialized
[2025-Apr-21 03:06:29.750 +02:00][ 1211: 1211][info ] Logging initialized
[2025-Apr-21 11:08:55.195 +02:00][ 1165: 1165][info ] Logging initialized
[2025-Apr-21 19:33:51.596 +02:00][ 1157: 1157][info ] Logging initialized
[2025-Apr-21 21:08:29.440 +02:00][ 1165: 1165][info ] Logging initialized
[2025-Apr-22 17:32:40.193 +02:00][ 1164: 1164][info ] Logging initialized
[2025-Apr-23 10:04:32.466 +02:00][14197:14197][info ] Logging initialized
[2025-Apr-23 14:04:06.174 +02:00][43466:43466][info ] Logging initialized
[2025-Apr-24 09:29:35.018 +02:00][ 1137: 1137][info ] Logging initialized
[2025-Apr-24 21:59:42.152 +02:00][ 1160: 1160][info ] Logging initialized
[2025-Apr-25 09:37:30.980 +02:00][ 1154: 1154][info ] Logging initialized
[2025-Apr-25 23:07:09.435 +02:00][ 1151: 1151][info ] Logging initialized
[2025-Apr-26 09:48:40.338 +02:00][ 1198: 1198][info ] Logging initialized
[2025-Apr-26 12:00:20.274 +02:00][ 2978: 2978][info ] Logging initialized
[2025-Apr-26 13:03:00.721 +02:00][ 1746: 1746][info ] Logging initialized
[2025-Apr-26 13:35:25.288 +02:00][13532:13532][info ] Logging initialized
[2025-Apr-26 13:47:13.371 +02:00][21850:21850][info ] Logging initialized
[2025-Apr-26 22:44:03.613 +02:00][ 2598: 2598][info ] Logging initialized
[2025-Apr-27 10:15:37.848 +02:00][17790:17790][info ] Logging initialized
[2025-Apr-27 23:40:53.204 +02:00][ 2244: 2244][info ] Logging initialized
[2025-Apr-28 13:01:07.256 +02:00][ 2978: 2978][info ] Logging initialized
[2025-Apr-28 14:22:03.674 +02:00][14651:14651][info ] Logging initialized
[2025-Apr-29 11:59:47.490 +02:00][ 2678: 2678][info ] Logging initialized
[2025-Apr-29 23:54:55.468 +02:00][88580:88580][info ] Logging initialized
[2025-Apr-30 00:05:40.062 +02:00][90812:90812][info ] Logging initialized
[2025-Apr-30 08:36:00.729 +02:00][ 2313: 2313][info ] Logging initialized
[2025-Apr-30 13:20:02.697 +02:00][41923:41923][info ] Logging initialized
[2025-May-01 09:06:05.451 +02:00][ 2795: 2795][info ] Logging initialized
[2025-May-01 21:30:28.684 +02:00][87756:87756][info ] Logging initialized
[2025-May-02 11:42:46.760 +02:00][ 2726: 2726][info ] Logging initialized
[2025-May-02 20:49:51.496 +02:00][ 2257: 2257][info ] Logging initialized
[2025-May-02 21:16:10.577 +02:00][ 2237: 2237][info ] Logging initialized
[2025-May-03 07:28:56.040 +02:00][ 2284: 2284][info ] Logging initialized
[2025-May-03 16:33:00.186 +02:00][ 2310: 2310][info ] Logging initialized
[2025-May-03 22:18:31.278 +02:00][ 2310: 2310][info ] Logging initialized
[2025-May-03 22:19:48.033 +02:00][32847:32847][info ] Logging initialized
[2025-May-04 08:49:19.914 +02:00][ 2300: 2300][info ] Logging initialized
[2025-May-04 20:45:12.865 +02:00][ 3319: 3319][info ] Logging initialized
[2025-May-04 22:36:47.421 +02:00][18024:18024][info ] Logging initialized
[2025-May-05 13:07:11.655 +02:00][ 2762: 2762][info ] Logging initialized
[2025-May-05 15:14:30.607 +02:00][ 2277: 2277][info ] Logging initialized
[2025-May-05 18:25:12.610 +02:00][41060:41060][info ] Logging initialized
[2025-May-06 12:52:13.679 +02:00][ 3021: 3021][info ] Logging initialized
[2025-May-06 15:24:00.511 +02:00][ 2213: 2213][info ] Logging initialized
[2025-May-07 08:39:04.914 +02:00][ 2251: 2251][info ] Logging initialized
[2025-May-07 09:58:46.221 +02:00][14427:14427][info ] Logging initialized
[2025-May-07 21:23:43.669 +02:00][ 2372: 2372][info ] Logging initialized
[2025-May-08 14:49:23.994 +02:00][ 3088: 3088][info ] Logging initialized
[2025-May-08 19:33:54.870 +02:00][36220:36220][info ] Logging initialized
[2025-May-09 10:27:43.698 +02:00][ 2260: 2260][info ] Logging initialized
[2025-May-09 19:27:29.650 +02:00][ 2260: 2260][info ] Logging initialized
[2025-May-09 19:30:32.595 +02:00][ 2260: 2260][info ] Logging initialized
[2025-May-10 10:55:50.817 +02:00][ 2274: 2274][info ] Logging initialized
[2025-May-11 10:03:34.600 +02:00][ 2260: 2260][info ] Logging initialized
[2025-May-12 10:42:57.035 +02:00][ 2659: 2659][info ] Logging initialized
[2025-May-12 19:04:25.232 +02:00][ 2560: 2560][info ] Logging initialized
[2025-May-12 19:50:53.358 +02:00][ 2560: 2560][info ] Logging initialized
[2025-May-13 11:44:04.490 +02:00][ 2313: 2313][info ] Logging initialized
[2025-May-13 12:18:18.816 +02:00][ 5286: 5286][info ] Logging initialized
[2025-May-13 13:56:08.078 +02:00][ 7855: 7855][info ] Logging initialized
[2025-May-13 14:22:12.596 +02:00][ 2246: 2246][info ] Logging initialized
[2025-May-13 16:56:15.583 +02:00][ 4131: 4131][info ] Logging initialized
[2025-May-14 09:09:18.191 +02:00][ 3221: 3221][info ] Logging initialized
[2025-May-14 15:35:34.115 +02:00][ 2572: 2572][info ] Logging initialized
[2025-May-15 00:52:31.816 +02:00][ 2252: 2252][info ] Logging initialized
[2025-May-15 08:54:13.965 +02:00][ 2236: 2236][info ] Logging initialized
[2025-May-16 09:48:35.313 +02:00][ 2241: 2241][info ] Logging initialized
[2025-May-16 10:39:25.238 +02:00][ 2224: 2224][info ] Logging initialized
[2025-May-16 22:41:05.351 +02:00][100790:100790][info ] Logging initialized
[2025-May-17 08:51:09.723 +02:00][ 6886: 6886][info ] Logging initialized
[2025-May-17 11:52:21.371 +02:00][41591:41591][info ] Logging initialized
[2025-May-18 09:36:00.819 +02:00][ 2420: 2420][info ] Logging initialized
[2025-May-18 22:29:26.528 +02:00][73957:73957][info ] Logging initialized
[2025-May-21 17:43:32.169 +02:00][16798:16798][info ] Logging initialized
[2025-May-22 11:20:18.762 +02:00][ 2673: 2673][info ] Logging initialized
