5/21/2025, 5:43:25 PM GMT+2 0: 

----------------------------------------------
5/21/2025, 5:43:25 PM GMT+2 1: Discord starting: {"releaseChannel":"stable","version":"0.0.95"}, modulepath: /home/yegg/.config/discord/0.0.95/modules
5/21/2025, 5:43:25 PM GMT+2 2: ✅ webContents.created web1 "Discord Updater"
5/21/2025, 5:43:25 PM GMT+2 3: ✅ window.created win1 "Discord Updater"
5/21/2025, 5:43:30 PM GMT+2 4: ✅ webContents.created web2 ""
5/21/2025, 5:43:30 PM GMT+2 5: ✅ window.created win2 "Discord"
5/21/2025, 5:43:31 PM GMT+2 6: ✅ webContents.did-finish-load web2
5/21/2025, 5:43:32 PM GMT+2 7: window.close win1
5/21/2025, 5:43:32 PM GMT+2 8: webContents.destroyed web1
5/21/2025, 5:43:32 PM GMT+2 9: window.closed win1
5/21/2025, 9:51:09 PM GMT+2 10: window.close win2
5/22/2025, 12:20:19 AM GMT+2 11: before-quit
5/22/2025, 12:20:21 AM GMT+2 12: window.close win2
5/22/2025, 12:20:21 AM GMT+2 13: ❌ child-process-gone {
  type: 'Utility',
  reason: 'killed',
  exitCode: 15,
  serviceName: 'audio.mojom.AudioService',
  name: 'Audio Service'
}
5/22/2025, 11:20:15 AM GMT+2 0: 

----------------------------------------------
5/22/2025, 11:20:15 AM GMT+2 1: Discord starting: {"releaseChannel":"stable","version":"0.0.95"}, modulepath: /home/yegg/.config/discord/0.0.95/modules
5/22/2025, 11:20:15 AM GMT+2 2: ✅ webContents.created web1 "index.html"
5/22/2025, 11:20:15 AM GMT+2 3: ✅ window.created win1 "discord"
5/22/2025, 11:20:16 AM GMT+2 4: ✅ webContents.did-finish-load web1
5/22/2025, 11:20:17 AM GMT+2 5: ✅ webContents.created web2 ""
5/22/2025, 11:20:17 AM GMT+2 6: ✅ window.created win2 "Discord"
5/22/2025, 11:20:18 AM GMT+2 7: ✅ webContents.did-finish-load web2
5/22/2025, 11:20:18 AM GMT+2 8: window.close win1
5/22/2025, 11:20:18 AM GMT+2 9: webContents.destroyed web1
5/22/2025, 11:20:18 AM GMT+2 10: window.closed win1
5/22/2025, 11:51:35 AM GMT+2 11: before-quit
